Sun              7 pi 37'52.2061
Moon             6 cn  8'52.2316
Mercury          0 pi 29'44.7228
Venus            6 ar 29'27.2593
Mars             0 aq 25'28.3449
Jupiter         17 sa 33'58.6533
Saturn          20 le 22'59.0838
Uranus          14 pi 16'44.3008
Neptune         20 aq 10'26.5916
Pluto           28 sa 39'57.2829
mean Node       16 pi 40'16.0459
true Node       16 pi 11' 8.1295
mean Apogee     14 li 22'14.4565
osc. Apogee     20 vi 53'10.5977
house  1        27 sc 57' 6.2049
house  2        25 sa 25'18.1811
house  3         0 aq 53'53.7125
house  4         9 pi  1'22.1128
house  5        10 ar  0'12.1671
house  6         4 ta 35'13.3464
house  7        27 ta 57' 6.2049
house  8        25 ge 25'18.1811
house  9         0 le 53'53.7125
house 10         9 vi  1'22.1128
house 11        10 li  0'12.1671
house 12         4 sc 35'13.3464
Ascendant       27 sc 57' 6.2049
MC               9 vi  1'22.1128
ARMC            10 vi 37'11.6727
Vertex          14 cn 45'55.1533
